148 INFO: PyInstaller: 6.15.0, contrib hooks: 2025.8
148 INFO: Python: 3.13.5
167 INFO: Platform: Windows-11-10.0.26100-SP0
167 INFO: Python environment: C:\Users\hoant\AppData\Local\Programs\Python\Python313
168 INFO: wrote C:\Users\hoant\Downloads\python-exercise\ProductManagementApp.spec
170 INFO: Module search paths (PYTHONPATH):
['C:\\Users\\hoant\\AppData\\Local\\Programs\\Python\\Python313\\Scripts\\pyinstaller.exe',
 'C:\\Users\\hoant\\AppData\\Local\\Programs\\Python\\Python313\\python313.zip',
 'C:\\Users\\hoant\\AppData\\Local\\Programs\\Python\\Python313\\DLLs',
 'C:\\Users\\hoant\\AppData\\Local\\Programs\\Python\\Python313\\Lib',
 'C:\\Users\\hoant\\AppData\\Local\\Programs\\Python\\Python313',
 'C:\\Users\\hoant\\AppData\\Local\\Programs\\Python\\Python313\\Lib\\site-packages',
 'C:\\Users\\hoant\\AppData\\Local\\Programs\\Python\\Python313\\Lib\\site-packages\\setuptools\\_vendor',
 'C:\\Users\\hoant\\Downloads\\python-exercise']
389 INFO: Appending 'datas' from .spec
389 INFO: checking Analysis
424 INFO: checking PYZ
452 INFO: checking PKG
473 INFO: Bootloader C:\Users\hoant\AppData\Local\Programs\Python\Python313\Lib\site-packages\PyInstaller\bootloader\Windows-64bit-intel\runw.exe
474 INFO: checking EXE
486 INFO: Rebuilding EXE-00.toc because ProductManagementApp.exe missing
486 INFO: Building EXE from EXE-00.toc
486 INFO: Copying bootloader EXE to C:\Users\hoant\Downloads\python-exercise\dist\ProductManagementApp.exe
525 INFO: Copying icon to EXE
563 INFO: Copying 0 resources to EXE
563 INFO: Embedding manifest in EXE
596 INFO: Appending PKG archive to EXE
611 INFO: Fixing EXE headers
941 INFO: Building EXE from EXE-00.toc completed successfully.
968 INFO: Build complete! The results are available in: C:\Users\hoant\Downloads\python-exercise\dist
