155 INFO: PyInstaller: 6.15.0, contrib hooks: 2025.8
167 INFO: Python: 3.13.5
196 INFO: Platform: Windows-11-10.0.26100-SP0
204 INFO: Python environment: C:\Users\hoant\Downloads\python-exercise\.venv
206 INFO: wrote C:\Users\hoant\Downloads\python-exercise\ProductManagementApp-OneFile.spec
209 INFO: Removing temporary files and cleaning cache in C:\Users\hoant\AppData\Local\pyinstaller
224 WARNING: collect_data_files - skipping data collection for module 'tk' as it is not a package.
230 INFO: Module search paths (PYTHONPATH):
['C:\\Users\\hoant\\Downloads\\python-exercise\\.venv\\Scripts\\pyinstaller.exe',
 'C:\\Users\\hoant\\Downloads\\python-exercise\\.venv\\Scripts\\python313.zip',
 'C:\\Users\\hoant\\AppData\\Local\\Programs\\Python\\Python313\\DLLs',
 'C:\\Users\\hoant\\AppData\\Local\\Programs\\Python\\Python313\\Lib',
 'C:\\Users\\hoant\\AppData\\Local\\Programs\\Python\\Python313',
 'C:\\Users\\hoant\\Downloads\\python-exercise\\.venv',
 'C:\\Users\\hoant\\Downloads\\python-exercise\\.venv\\Lib\\site-packages',
 'C:\\Users\\hoant\\Downloads\\python-exercise\\.venv\\Lib\\site-packages\\setuptools\\_vendor',
 'C:\\Users\\hoant\\Downloads\\python-exercise']
706 INFO: Appending 'datas' from .spec
708 INFO: checking Analysis
710 INFO: Building Analysis because Analysis-00.toc is non existent
710 INFO: Running Analysis Analysis-00.toc
710 INFO: Target bytecode optimization level: 0
710 INFO: Initializing module dependency graph...
711 INFO: Initializing module graph hook caches...
721 INFO: Analyzing modules for base_library.zip ...
1500 INFO: Processing standard module hook 'hook-heapq.py' from 'C:\\Users\\hoant\\Downloads\\python-exercise\\.venv\\Lib\\site-packages\\PyInstaller\\hooks'
1829 INFO: Processing standard module hook 'hook-encodings.py' from 'C:\\Users\\hoant\\Downloads\\python-exercise\\.venv\\Lib\\site-packages\\PyInstaller\\hooks'
3517 INFO: Processing standard module hook 'hook-pickle.py' from 'C:\\Users\\hoant\\Downloads\\python-exercise\\.venv\\Lib\\site-packages\\PyInstaller\\hooks'
4803 INFO: Caching module dependency graph...
4830 INFO: Looking for Python shared library...
4833 INFO: Using Python shared library: C:\Users\hoant\AppData\Local\Programs\Python\Python313\python313.dll
4833 INFO: Analyzing C:\Users\hoant\Downloads\python-exercise\main.py
4838 INFO: Processing pre-find-module-path hook 'hook-tkinter.py' from 'C:\\Users\\hoant\\Downloads\\python-exercise\\.venv\\Lib\\site-packages\\PyInstaller\\hooks\\pre_find_module_path'
4839 INFO: TclTkInfo: initializing cached Tcl/Tk info...
5008 INFO: Processing standard module hook 'hook-_tkinter.py' from 'C:\\Users\\hoant\\Downloads\\python-exercise\\.venv\\Lib\\site-packages\\PyInstaller\\hooks'
5086 INFO: Processing standard module hook 'hook-platform.py' from 'C:\\Users\\hoant\\Downloads\\python-exercise\\.venv\\Lib\\site-packages\\PyInstaller\\hooks'
5107 INFO: Processing standard module hook 'hook-_ctypes.py' from 'C:\\Users\\hoant\\Downloads\\python-exercise\\.venv\\Lib\\site-packages\\PyInstaller\\hooks'
5224 INFO: Processing standard module hook 'hook-PIL.py' from 'C:\\Users\\hoant\\Downloads\\python-exercise\\.venv\\Lib\\site-packages\\PyInstaller\\hooks'
5313 INFO: Processing standard module hook 'hook-PIL.Image.py' from 'C:\\Users\\hoant\\Downloads\\python-exercise\\.venv\\Lib\\site-packages\\PyInstaller\\hooks'
5598 INFO: Processing standard module hook 'hook-numpy.py' from 'C:\\Users\\hoant\\Downloads\\python-exercise\\.venv\\Lib\\site-packages\\PyInstaller\\hooks'
6036 INFO: Processing standard module hook 'hook-difflib.py' from 'C:\\Users\\hoant\\Downloads\\python-exercise\\.venv\\Lib\\site-packages\\PyInstaller\\hooks'
6208 INFO: Processing standard module hook 'hook-multiprocessing.util.py' from 'C:\\Users\\hoant\\Downloads\\python-exercise\\.venv\\Lib\\site-packages\\PyInstaller\\hooks'
6403 INFO: Processing standard module hook 'hook-xml.py' from 'C:\\Users\\hoant\\Downloads\\python-exercise\\.venv\\Lib\\site-packages\\PyInstaller\\hooks'
7422 INFO: Processing standard module hook 'hook-sysconfig.py' from 'C:\\Users\\hoant\\Downloads\\python-exercise\\.venv\\Lib\\site-packages\\PyInstaller\\hooks'
8610 INFO: Processing pre-safe-import-module hook 'hook-typing_extensions.py' from 'C:\\Users\\hoant\\Downloads\\python-exercise\\.venv\\Lib\\site-packages\\PyInstaller\\hooks\\pre_safe_import_module'
8611 INFO: SetuptoolsInfo: initializing cached setuptools info...
12116 INFO: Processing standard module hook 'hook-charset_normalizer.py' from 'C:\\Users\\hoant\\Downloads\\python-exercise\\.venv\\Lib\\site-packages\\_pyinstaller_hooks_contrib\\stdhooks'
12409 INFO: Processing standard module hook 'hook-xml.etree.cElementTree.py' from 'C:\\Users\\hoant\\Downloads\\python-exercise\\.venv\\Lib\\site-packages\\PyInstaller\\hooks'
12584 INFO: Processing standard module hook 'hook-PIL.ImageFilter.py' from 'C:\\Users\\hoant\\Downloads\\python-exercise\\.venv\\Lib\\site-packages\\PyInstaller\\hooks'
12785 INFO: Processing standard module hook 'hook-urllib3.py' from 'C:\\Users\\hoant\\Downloads\\python-exercise\\.venv\\Lib\\site-packages\\_pyinstaller_hooks_contrib\\stdhooks'
13263 INFO: Processing standard module hook 'hook-certifi.py' from 'C:\\Users\\hoant\\Downloads\\python-exercise\\.venv\\Lib\\site-packages\\_pyinstaller_hooks_contrib\\stdhooks'
13412 INFO: Processing standard module hook 'hook-matplotlib.py' from 'C:\\Users\\hoant\\Downloads\\python-exercise\\.venv\\Lib\\site-packages\\PyInstaller\\hooks'
13699 INFO: Processing pre-safe-import-module hook 'hook-packaging.py' from 'C:\\Users\\hoant\\Downloads\\python-exercise\\.venv\\Lib\\site-packages\\PyInstaller\\hooks\\pre_safe_import_module'
13777 INFO: Processing pre-safe-import-module hook 'hook-gi.py' from 'C:\\Users\\hoant\\Downloads\\python-exercise\\.venv\\Lib\\site-packages\\PyInstaller\\hooks\\pre_safe_import_module'
13983 INFO: Processing standard module hook 'hook-matplotlib.backend_bases.py' from 'C:\\Users\\hoant\\Downloads\\python-exercise\\.venv\\Lib\\site-packages\\PyInstaller\\hooks'
14584 INFO: Processing standard module hook 'hook-matplotlib.backends.py' from 'C:\\Users\\hoant\\Downloads\\python-exercise\\.venv\\Lib\\site-packages\\PyInstaller\\hooks'
14666 INFO: Processing standard module hook 'hook-matplotlib.pyplot.py' from 'C:\\Users\\hoant\\Downloads\\python-exercise\\.venv\\Lib\\site-packages\\PyInstaller\\hooks'
15575 INFO: Processing standard module hook 'hook-dateutil.py' from 'C:\\Users\\hoant\\Downloads\\python-exercise\\.venv\\Lib\\site-packages\\_pyinstaller_hooks_contrib\\stdhooks'
15651 INFO: Processing pre-safe-import-module hook 'hook-six.moves.py' from 'C:\\Users\\hoant\\Downloads\\python-exercise\\.venv\\Lib\\site-packages\\PyInstaller\\hooks\\pre_safe_import_module'
C:\Users\hoant\Downloads\python-exercise\.venv\Lib\site-packages\tkcalendar\calendar_.py:221: SyntaxWarning: invalid escape sequence '\ '
  font = kw.pop("font", "Liberation\ Sans 9")
16999 INFO: Processing standard module hook 'hook-babel.py' from 'C:\\Users\\hoant\\Downloads\\python-exercise\\.venv\\Lib\\site-packages\\PyInstaller\\hooks'
17294 INFO: Processing standard module hook 'hook-zoneinfo.py' from 'C:\\Users\\hoant\\Downloads\\python-exercise\\.venv\\Lib\\site-packages\\_pyinstaller_hooks_contrib\\stdhooks'
17788 INFO: Processing module hooks (post-graph stage)...
17797 WARNING: Hidden import "tzdata" not found!
17822 INFO: Processing standard module hook 'hook-matplotlib.backends.py' from 'C:\\Users\\hoant\\Downloads\\python-exercise\\.venv\\Lib\\site-packages\\PyInstaller\\hooks'
17823 INFO: Matplotlib backend selection method: automatic discovery of used backends
18074 INFO: Trying determine the default backend as first importable candidate from the list: ['QtAgg', 'Qt5Agg', 'Gtk4Agg', 'Gtk3Agg', 'TkAgg', 'WxAgg']
19473 INFO: Selected matplotlib backends: ['TkAgg']
19682 INFO: Processing standard module hook 'hook-PIL.SpiderImagePlugin.py' from 'C:\\Users\\hoant\\Downloads\\python-exercise\\.venv\\Lib\\site-packages\\PyInstaller\\hooks'
19743 INFO: Processing standard module hook 'hook-_tkinter.py' from 'C:\\Users\\hoant\\Downloads\\python-exercise\\.venv\\Lib\\site-packages\\PyInstaller\\hooks'
19760 INFO: Performing binary vs. data reclassification (2209 entries)
19847 INFO: Looking for ctypes DLLs
19877 INFO: Analyzing run-time hooks ...
19881 INFO: Including run-time hook 'pyi_rth_inspect.py' from 'C:\\Users\\hoant\\Downloads\\python-exercise\\.venv\\Lib\\site-packages\\PyInstaller\\hooks\\rthooks'
19883 INFO: Including run-time hook 'pyi_rth_pkgutil.py' from 'C:\\Users\\hoant\\Downloads\\python-exercise\\.venv\\Lib\\site-packages\\PyInstaller\\hooks\\rthooks'
19884 INFO: Including run-time hook 'pyi_rth_multiprocessing.py' from 'C:\\Users\\hoant\\Downloads\\python-exercise\\.venv\\Lib\\site-packages\\PyInstaller\\hooks\\rthooks'
19886 INFO: Including run-time hook 'pyi_rth_mplconfig.py' from 'C:\\Users\\hoant\\Downloads\\python-exercise\\.venv\\Lib\\site-packages\\PyInstaller\\hooks\\rthooks'
19887 INFO: Processing pre-find-module-path hook 'hook-_pyi_rth_utils.py' from 'C:\\Users\\hoant\\Downloads\\python-exercise\\.venv\\Lib\\site-packages\\PyInstaller\\hooks\\pre_find_module_path'
19888 INFO: Processing standard module hook 'hook-_pyi_rth_utils.py' from 'C:\\Users\\hoant\\Downloads\\python-exercise\\.venv\\Lib\\site-packages\\PyInstaller\\hooks'
19895 INFO: Including run-time hook 'pyi_rth__tkinter.py' from 'C:\\Users\\hoant\\Downloads\\python-exercise\\.venv\\Lib\\site-packages\\PyInstaller\\hooks\\rthooks'
19936 INFO: Creating base_library.zip...
19967 INFO: Looking for dynamic libraries
20840 INFO: Extra DLL search directories (AddDllDirectory): ['C:\\Users\\hoant\\Downloads\\python-exercise\\.venv\\Lib\\site-packages\\numpy.libs']
20840 INFO: Extra DLL search directories (PATH): []
21175 INFO: Warnings written to C:\Users\hoant\Downloads\python-exercise\build\ProductManagementApp-OneFile\warn-ProductManagementApp-OneFile.txt
21216 INFO: Graph cross-reference written to C:\Users\hoant\Downloads\python-exercise\build\ProductManagementApp-OneFile\xref-ProductManagementApp-OneFile.html
21267 INFO: checking PYZ
21268 INFO: Building PYZ because PYZ-00.toc is non existent
21268 INFO: Building PYZ (ZlibArchive) C:\Users\hoant\Downloads\python-exercise\build\ProductManagementApp-OneFile\PYZ-00.pyz
22474 INFO: Building PYZ (ZlibArchive) C:\Users\hoant\Downloads\python-exercise\build\ProductManagementApp-OneFile\PYZ-00.pyz completed successfully.
22514 INFO: checking PKG
22515 INFO: Building PKG because PKG-00.toc is non existent
22515 INFO: Building PKG (CArchive) ProductManagementApp-OneFile.pkg
33848 INFO: Building PKG (CArchive) ProductManagementApp-OneFile.pkg completed successfully.
33880 INFO: Bootloader C:\Users\hoant\Downloads\python-exercise\.venv\Lib\site-packages\PyInstaller\bootloader\Windows-64bit-intel\runw.exe
33880 INFO: checking EXE
33881 INFO: Building EXE because EXE-00.toc is non existent
33881 INFO: Building EXE from EXE-00.toc
33881 INFO: Copying bootloader EXE to C:\Users\hoant\Downloads\python-exercise\dist\ProductManagementApp-OneFile.exe
33922 INFO: Copying icon to EXE
33960 INFO: Copying 0 resources to EXE
33961 INFO: Embedding manifest in EXE
33996 INFO: Appending PKG archive to EXE
34097 INFO: Fixing EXE headers
34664 INFO: Building EXE from EXE-00.toc completed successfully.
34694 INFO: Build complete! The results are available in: C:\Users\hoant\Downloads\python-exercise\dist
