138 INFO: PyInstaller: 6.15.0, contrib hooks: 2025.8
139 INFO: Python: 3.13.5
158 INFO: Platform: Windows-11-10.0.26100-SP0
158 INFO: Python environment: C:\Users\hoant\Downloads\python-exercise\.venv
159 INFO: wrote C:\Users\hoant\Downloads\python-exercise\ProductManagementApp.spec
161 INFO: Removing temporary files and cleaning cache in C:\Users\hoant\AppData\Local\pyinstaller
163 WARNING: collect_data_files - skipping data collection for module 'tk' as it is not a package.
166 INFO: Module search paths (PYTHONPATH):
['C:\\Users\\hoant\\Downloads\\python-exercise\\.venv\\Scripts\\pyinstaller.exe',
 'C:\\Users\\hoant\\Downloads\\python-exercise\\.venv\\Scripts\\python313.zip',
 'C:\\Users\\hoant\\AppData\\Local\\Programs\\Python\\Python313\\DLLs',
 'C:\\Users\\hoant\\AppData\\Local\\Programs\\Python\\Python313\\Lib',
 'C:\\Users\\hoant\\AppData\\Local\\Programs\\Python\\Python313',
 'C:\\Users\\hoant\\Downloads\\python-exercise\\.venv',
 'C:\\Users\\hoant\\Downloads\\python-exercise\\.venv\\Lib\\site-packages',
 'C:\\Users\\hoant\\Downloads\\python-exercise\\.venv\\Lib\\site-packages\\setuptools\\_vendor',
 'C:\\Users\\hoant\\Downloads\\python-exercise']
459 INFO: Appending 'datas' from .spec
460 INFO: checking Analysis
460 INFO: Building Analysis because Analysis-00.toc is non existent
460 INFO: Running Analysis Analysis-00.toc
460 INFO: Target bytecode optimization level: 0
460 INFO: Initializing module dependency graph...
461 INFO: Initializing module graph hook caches...
471 INFO: Analyzing modules for base_library.zip ...
1305 INFO: Processing standard module hook 'hook-encodings.py' from 'C:\\Users\\hoant\\Downloads\\python-exercise\\.venv\\Lib\\site-packages\\PyInstaller\\hooks'
2796 INFO: Processing standard module hook 'hook-pickle.py' from 'C:\\Users\\hoant\\Downloads\\python-exercise\\.venv\\Lib\\site-packages\\PyInstaller\\hooks'
3451 INFO: Processing standard module hook 'hook-heapq.py' from 'C:\\Users\\hoant\\Downloads\\python-exercise\\.venv\\Lib\\site-packages\\PyInstaller\\hooks'
3802 INFO: Caching module dependency graph...
3828 INFO: Looking for Python shared library...
3831 INFO: Using Python shared library: C:\Users\hoant\AppData\Local\Programs\Python\Python313\python313.dll
3831 INFO: Analyzing C:\Users\hoant\Downloads\python-exercise\main.py
3836 INFO: Processing pre-find-module-path hook 'hook-tkinter.py' from 'C:\\Users\\hoant\\Downloads\\python-exercise\\.venv\\Lib\\site-packages\\PyInstaller\\hooks\\pre_find_module_path'
3836 INFO: TclTkInfo: initializing cached Tcl/Tk info...
3999 INFO: Processing standard module hook 'hook-_tkinter.py' from 'C:\\Users\\hoant\\Downloads\\python-exercise\\.venv\\Lib\\site-packages\\PyInstaller\\hooks'
4074 INFO: Processing standard module hook 'hook-platform.py' from 'C:\\Users\\hoant\\Downloads\\python-exercise\\.venv\\Lib\\site-packages\\PyInstaller\\hooks'
4103 INFO: Processing standard module hook 'hook-_ctypes.py' from 'C:\\Users\\hoant\\Downloads\\python-exercise\\.venv\\Lib\\site-packages\\PyInstaller\\hooks'
4198 INFO: Processing standard module hook 'hook-PIL.py' from 'C:\\Users\\hoant\\Downloads\\python-exercise\\.venv\\Lib\\site-packages\\PyInstaller\\hooks'
4282 INFO: Processing standard module hook 'hook-PIL.Image.py' from 'C:\\Users\\hoant\\Downloads\\python-exercise\\.venv\\Lib\\site-packages\\PyInstaller\\hooks'
4566 INFO: Processing standard module hook 'hook-numpy.py' from 'C:\\Users\\hoant\\Downloads\\python-exercise\\.venv\\Lib\\site-packages\\PyInstaller\\hooks'
4965 INFO: Processing standard module hook 'hook-difflib.py' from 'C:\\Users\\hoant\\Downloads\\python-exercise\\.venv\\Lib\\site-packages\\PyInstaller\\hooks'
5131 INFO: Processing standard module hook 'hook-multiprocessing.util.py' from 'C:\\Users\\hoant\\Downloads\\python-exercise\\.venv\\Lib\\site-packages\\PyInstaller\\hooks'
5260 INFO: Processing standard module hook 'hook-xml.py' from 'C:\\Users\\hoant\\Downloads\\python-exercise\\.venv\\Lib\\site-packages\\PyInstaller\\hooks'
6076 INFO: Processing standard module hook 'hook-sysconfig.py' from 'C:\\Users\\hoant\\Downloads\\python-exercise\\.venv\\Lib\\site-packages\\PyInstaller\\hooks'
7285 INFO: Processing pre-safe-import-module hook 'hook-typing_extensions.py' from 'C:\\Users\\hoant\\Downloads\\python-exercise\\.venv\\Lib\\site-packages\\PyInstaller\\hooks\\pre_safe_import_module'
7288 INFO: SetuptoolsInfo: initializing cached setuptools info...
10650 INFO: Processing standard module hook 'hook-charset_normalizer.py' from 'C:\\Users\\hoant\\Downloads\\python-exercise\\.venv\\Lib\\site-packages\\_pyinstaller_hooks_contrib\\stdhooks'
10943 INFO: Processing standard module hook 'hook-xml.etree.cElementTree.py' from 'C:\\Users\\hoant\\Downloads\\python-exercise\\.venv\\Lib\\site-packages\\PyInstaller\\hooks'
11085 INFO: Processing standard module hook 'hook-PIL.ImageFilter.py' from 'C:\\Users\\hoant\\Downloads\\python-exercise\\.venv\\Lib\\site-packages\\PyInstaller\\hooks'
11264 INFO: Processing standard module hook 'hook-urllib3.py' from 'C:\\Users\\hoant\\Downloads\\python-exercise\\.venv\\Lib\\site-packages\\_pyinstaller_hooks_contrib\\stdhooks'
11677 INFO: Processing standard module hook 'hook-certifi.py' from 'C:\\Users\\hoant\\Downloads\\python-exercise\\.venv\\Lib\\site-packages\\_pyinstaller_hooks_contrib\\stdhooks'
11811 INFO: Processing standard module hook 'hook-matplotlib.py' from 'C:\\Users\\hoant\\Downloads\\python-exercise\\.venv\\Lib\\site-packages\\PyInstaller\\hooks'
12046 INFO: Processing pre-safe-import-module hook 'hook-packaging.py' from 'C:\\Users\\hoant\\Downloads\\python-exercise\\.venv\\Lib\\site-packages\\PyInstaller\\hooks\\pre_safe_import_module'
12115 INFO: Processing pre-safe-import-module hook 'hook-gi.py' from 'C:\\Users\\hoant\\Downloads\\python-exercise\\.venv\\Lib\\site-packages\\PyInstaller\\hooks\\pre_safe_import_module'
12294 INFO: Processing standard module hook 'hook-matplotlib.backend_bases.py' from 'C:\\Users\\hoant\\Downloads\\python-exercise\\.venv\\Lib\\site-packages\\PyInstaller\\hooks'
12841 INFO: Processing standard module hook 'hook-matplotlib.backends.py' from 'C:\\Users\\hoant\\Downloads\\python-exercise\\.venv\\Lib\\site-packages\\PyInstaller\\hooks'
12916 INFO: Processing standard module hook 'hook-matplotlib.pyplot.py' from 'C:\\Users\\hoant\\Downloads\\python-exercise\\.venv\\Lib\\site-packages\\PyInstaller\\hooks'
13694 INFO: Processing standard module hook 'hook-dateutil.py' from 'C:\\Users\\hoant\\Downloads\\python-exercise\\.venv\\Lib\\site-packages\\_pyinstaller_hooks_contrib\\stdhooks'
13765 INFO: Processing pre-safe-import-module hook 'hook-six.moves.py' from 'C:\\Users\\hoant\\Downloads\\python-exercise\\.venv\\Lib\\site-packages\\PyInstaller\\hooks\\pre_safe_import_module'
C:\Users\hoant\Downloads\python-exercise\.venv\Lib\site-packages\tkcalendar\calendar_.py:221: SyntaxWarning: invalid escape sequence '\ '
  font = kw.pop("font", "Liberation\ Sans 9")
14963 INFO: Processing standard module hook 'hook-babel.py' from 'C:\\Users\\hoant\\Downloads\\python-exercise\\.venv\\Lib\\site-packages\\PyInstaller\\hooks'
15105 INFO: Processing standard module hook 'hook-zoneinfo.py' from 'C:\\Users\\hoant\\Downloads\\python-exercise\\.venv\\Lib\\site-packages\\_pyinstaller_hooks_contrib\\stdhooks'
15533 INFO: Processing module hooks (post-graph stage)...
15540 WARNING: Hidden import "tzdata" not found!
15564 INFO: Processing standard module hook 'hook-matplotlib.backends.py' from 'C:\\Users\\hoant\\Downloads\\python-exercise\\.venv\\Lib\\site-packages\\PyInstaller\\hooks'
15565 INFO: Matplotlib backend selection method: automatic discovery of used backends
15792 INFO: Trying determine the default backend as first importable candidate from the list: ['QtAgg', 'Qt5Agg', 'Gtk4Agg', 'Gtk3Agg', 'TkAgg', 'WxAgg']
17220 INFO: Selected matplotlib backends: ['TkAgg']
17765 INFO: Processing standard module hook 'hook-PIL.SpiderImagePlugin.py' from 'C:\\Users\\hoant\\Downloads\\python-exercise\\.venv\\Lib\\site-packages\\PyInstaller\\hooks'
17886 INFO: Processing standard module hook 'hook-_tkinter.py' from 'C:\\Users\\hoant\\Downloads\\python-exercise\\.venv\\Lib\\site-packages\\PyInstaller\\hooks'
17905 INFO: Performing binary vs. data reclassification (2209 entries)
26054 INFO: Looking for ctypes DLLs
26089 INFO: Analyzing run-time hooks ...
26094 INFO: Including run-time hook 'pyi_rth_inspect.py' from 'C:\\Users\\hoant\\Downloads\\python-exercise\\.venv\\Lib\\site-packages\\PyInstaller\\hooks\\rthooks'
26096 INFO: Including run-time hook 'pyi_rth_pkgutil.py' from 'C:\\Users\\hoant\\Downloads\\python-exercise\\.venv\\Lib\\site-packages\\PyInstaller\\hooks\\rthooks'
26099 INFO: Including run-time hook 'pyi_rth_multiprocessing.py' from 'C:\\Users\\hoant\\Downloads\\python-exercise\\.venv\\Lib\\site-packages\\PyInstaller\\hooks\\rthooks'
26101 INFO: Including run-time hook 'pyi_rth_mplconfig.py' from 'C:\\Users\\hoant\\Downloads\\python-exercise\\.venv\\Lib\\site-packages\\PyInstaller\\hooks\\rthooks'
26102 INFO: Processing pre-find-module-path hook 'hook-_pyi_rth_utils.py' from 'C:\\Users\\hoant\\Downloads\\python-exercise\\.venv\\Lib\\site-packages\\PyInstaller\\hooks\\pre_find_module_path'
26103 INFO: Processing standard module hook 'hook-_pyi_rth_utils.py' from 'C:\\Users\\hoant\\Downloads\\python-exercise\\.venv\\Lib\\site-packages\\PyInstaller\\hooks'
26112 INFO: Including run-time hook 'pyi_rth__tkinter.py' from 'C:\\Users\\hoant\\Downloads\\python-exercise\\.venv\\Lib\\site-packages\\PyInstaller\\hooks\\rthooks'
26157 INFO: Creating base_library.zip...
26188 INFO: Looking for dynamic libraries
27454 INFO: Extra DLL search directories (AddDllDirectory): ['C:\\Users\\hoant\\Downloads\\python-exercise\\.venv\\Lib\\site-packages\\numpy.libs']
27454 INFO: Extra DLL search directories (PATH): []
27908 INFO: Warnings written to C:\Users\hoant\Downloads\python-exercise\build\ProductManagementApp\warn-ProductManagementApp.txt
27962 INFO: Graph cross-reference written to C:\Users\hoant\Downloads\python-exercise\build\ProductManagementApp\xref-ProductManagementApp.html
28013 INFO: checking PYZ
28013 INFO: Building PYZ because PYZ-00.toc is non existent
28014 INFO: Building PYZ (ZlibArchive) C:\Users\hoant\Downloads\python-exercise\build\ProductManagementApp\PYZ-00.pyz
28941 INFO: Building PYZ (ZlibArchive) C:\Users\hoant\Downloads\python-exercise\build\ProductManagementApp\PYZ-00.pyz completed successfully.
28970 INFO: checking PKG
28971 INFO: Building PKG because PKG-00.toc is non existent
28971 INFO: Building PKG (CArchive) ProductManagementApp.pkg
29006 INFO: Building PKG (CArchive) ProductManagementApp.pkg completed successfully.
29007 INFO: Bootloader C:\Users\hoant\Downloads\python-exercise\.venv\Lib\site-packages\PyInstaller\bootloader\Windows-64bit-intel\runw.exe
29008 INFO: checking EXE
29008 INFO: Building EXE because EXE-00.toc is non existent
29008 INFO: Building EXE from EXE-00.toc
29008 INFO: Copying bootloader EXE to C:\Users\hoant\Downloads\python-exercise\build\ProductManagementApp\ProductManagementApp.exe
29044 INFO: Copying icon to EXE
29078 INFO: Copying 0 resources to EXE
29078 INFO: Embedding manifest in EXE
29113 INFO: Appending PKG archive to EXE
29178 INFO: Fixing EXE headers
29410 INFO: Building EXE from EXE-00.toc completed successfully.
29427 INFO: checking COLLECT
29428 INFO: Building COLLECT because COLLECT-00.toc is non existent
29429 INFO: Building COLLECT COLLECT-00.toc
31480 INFO: Building COLLECT COLLECT-00.toc completed successfully.
31515 INFO: Build complete! The results are available in: C:\Users\hoant\Downloads\python-exercise\dist
